<?xml version="1.0" encoding="UTF-8"?>
<!-- Generated by org.testng.reporters.JUnitXMLReporter -->
<testsuite ignored="1" hostname="DESKTOP-GUPA5RI" failures="0" tests="3" name="Default test" time="81.627" errors="0" timestamp="2021-07-26T19:29:29 EDT">
  <testcase classname="com.qa.tests.ProductPageTest" name="CorrectProductAddedTest" time="15.321"/>
  <testcase classname="com.qa.tests.ProductPageTest" name="CorrectProductAddedTest" time="15.223"/>
  <testcase classname="com.qa.tests.ProductPageTest" name="CorrectProductAddedTest" time="15.315"/>
  <testcase classname="com.qa.tests.ProductPageTest" name="AddToCartBtnTest" time="0.0">
    <ignored/>
  </testcase> <!-- AddToCartBtnTest -->
</testsuite> <!-- Default test -->
