<?xml version="1.0" encoding="UTF-8"?>
<!-- Generated by org.testng.reporters.JUnitXMLReporter -->
<testsuite ignored="0" hostname="DESKTOP-GUPA5RI" failures="0" tests="6" name="Default test" time="147.721" errors="0" timestamp="2021-07-27T02:15:05 EDT">
  <testcase classname="com.qa.tests.PersonalDetailsFormTest" name="fillFormTest" time="13.196"/>
  <testcase classname="com.qa.tests.PersonalDetailsFormTest" name="fillFormTest" time="13.169"/>
  <testcase classname="com.qa.tests.PersonalDetailsFormTest" name="fillFormTest" time="13.258"/>
  <testcase classname="com.qa.tests.PersonalDetailsFormTest" name="fillFormTest" time="13.213"/>
  <testcase classname="com.qa.tests.PersonalDetailsFormTest" name="fillFormTest" time="13.109"/>
  <testcase classname="com.qa.tests.PersonalDetailsFormTest" name="fillFormTest" time="13.202"/>
</testsuite> <!-- Default test -->
