<?xml version="1.0" encoding="UTF-8"?>
<!-- Generated by org.testng.reporters.JUnitXMLReporter -->
<testsuite ignored="0" hostname="DESKTOP-GUPA5RI" failures="3" tests="4" name="TestNG" time="20.933" errors="0" timestamp="2021-07-24T23:50:31 EDT">
  <testcase classname="com.qa.tests.IndexPageTest" name="PageTitleTest" time="0.014"/>
  <testcase classname="com.qa.tests.IndexPageTest" name="LinksPresentTest" time="0.001">
    <failure type="java.lang.NullPointerException">
      <![CDATA[java.lang.NullPointerException
at org.openqa.selenium.support.pagefactory.DefaultElementLocator.findElements(DefaultElementLocator.java:85)
at org.openqa.selenium.support.pagefactory.internal.LocatingElementListHandler.invoke(LocatingElementListHandler.java:36)
at com.sun.proxy.$Proxy13.contains(Unknown Source)
at com.qa.tests.IndexPageTest.LinksPresentTest(IndexPageTest.java:44)
at java.base/java.util.ArrayList.forEach(ArrayList.java:1541)
... Removed 27 stack frames]]>
    </failure>
  </testcase> <!-- LinksPresentTest -->
  <testcase classname="com.qa.tests.IndexPageTest" name="LoginFunctionalityTest" time="0.001">
    <failure type="java.lang.NullPointerException">
      <![CDATA[java.lang.NullPointerException
at org.openqa.selenium.support.pagefactory.DefaultElementLocator.findElement(DefaultElementLocator.java:69)
at org.openqa.selenium.support.pagefactory.internal.LocatingElementHandler.invoke(LocatingElementHandler.java:38)
at com.sun.proxy.$Proxy12.click(Unknown Source)
at com.qa.pages.IndexPage.VerifyLoginFunctionality(IndexPage.java:57)
at com.qa.tests.IndexPageTest.LoginFunctionalityTest(IndexPageTest.java:52)
at java.base/java.util.ArrayList.forEach(ArrayList.java:1541)
... Removed 27 stack frames]]>
    </failure>
  </testcase> <!-- LoginFunctionalityTest -->
  <testcase classname="com.qa.tests.IndexPageTest" name="AboutUsFooterTest" time="0.002">
    <failure type="java.lang.NullPointerException">
      <![CDATA[java.lang.NullPointerException
at org.openqa.selenium.support.pagefactory.DefaultElementLocator.findElement(DefaultElementLocator.java:69)
at org.openqa.selenium.support.pagefactory.internal.LocatingElementHandler.invoke(LocatingElementHandler.java:38)
at com.sun.proxy.$Proxy12.getText(Unknown Source)
at com.qa.pages.IndexPage.VerifyAboutUsFooter(IndexPage.java:75)
at com.qa.tests.IndexPageTest.AboutUsFooterTest(IndexPageTest.java:59)
at java.base/java.util.ArrayList.forEach(ArrayList.java:1541)
... Removed 27 stack frames]]>
    </failure>
  </testcase> <!-- AboutUsFooterTest -->
</testsuite> <!-- TestNG -->
