<?xml version="1.0" encoding="UTF-8"?>
<testng-results ignored="2" total="5" passed="3" failed="0" skipped="0">
  <reporter-output>
  </reporter-output>
  <suite started-at="2021-07-26T17:19:08 EDT" name="Default suite" finished-at="2021-07-26T17:19:53 EDT" duration-ms="44751">
    <groups>
    </groups>
    <test started-at="2021-07-26T17:19:08 EDT" name="Default test" finished-at="2021-07-26T17:19:53 EDT" duration-ms="44751">
      <class name="com.qa.tests.HomePageTest">
        <test-method is-config="true" signature="beforeMethod()[pri:0, instance:com.qa.tests.HomePageTest@446293d]" started-at="2021-07-26T17:19:10 EDT" name="beforeMethod" finished-at="2021-07-26T17:19:17 EDT" duration-ms="7667" status="PASS">
          <reporter-output>
          </reporter-output>
        </test-method> <!-- beforeMethod -->
        <test-method signature="productSelection(java.lang.String,java.lang.String)[pri:0, instance:com.qa.tests.HomePageTest@446293d]" started-at="2021-07-26T17:19:17 EDT" name="productSelection" data-provider="dataforWeb" finished-at="2021-07-26T17:19:23 EDT" duration-ms="5772" status="PASS">
          <params>
            <param index="0">
              <value>
                <![CDATA[Phones]]>
              </value>
            </param>
            <param index="1">
              <value>
                <![CDATA[Nexus 6]]>
              </value>
            </param>
          </params>
          <reporter-output>
          </reporter-output>
        </test-method> <!-- productSelection -->
        <test-method is-config="true" signature="afterMethod()[pri:0, instance:com.qa.tests.HomePageTest@446293d]" started-at="2021-07-26T17:19:23 EDT" name="afterMethod" finished-at="2021-07-26T17:19:25 EDT" duration-ms="1300" status="PASS">
          <reporter-output>
          </reporter-output>
        </test-method> <!-- afterMethod -->
        <test-method is-config="true" signature="beforeMethod()[pri:0, instance:com.qa.tests.HomePageTest@446293d]" started-at="2021-07-26T17:19:25 EDT" name="beforeMethod" finished-at="2021-07-26T17:19:30 EDT" duration-ms="5702" status="PASS">
          <reporter-output>
          </reporter-output>
        </test-method> <!-- beforeMethod -->
        <test-method signature="productSelection(java.lang.String,java.lang.String)[pri:0, instance:com.qa.tests.HomePageTest@446293d]" started-at="2021-07-26T17:19:30 EDT" name="productSelection" data-provider="dataforWeb" finished-at="2021-07-26T17:19:36 EDT" duration-ms="5801" status="PASS">
          <params>
            <param index="0">
              <value>
                <![CDATA[Laptops]]>
              </value>
            </param>
            <param index="1">
              <value>
                <![CDATA[MacBook Pro]]>
              </value>
            </param>
          </params>
          <reporter-output>
          </reporter-output>
        </test-method> <!-- productSelection -->
        <test-method is-config="true" signature="afterMethod()[pri:0, instance:com.qa.tests.HomePageTest@446293d]" started-at="2021-07-26T17:19:36 EDT" name="afterMethod" finished-at="2021-07-26T17:19:37 EDT" duration-ms="1212" status="PASS">
          <reporter-output>
          </reporter-output>
        </test-method> <!-- afterMethod -->
        <test-method is-config="true" signature="beforeMethod()[pri:0, instance:com.qa.tests.HomePageTest@446293d]" started-at="2021-07-26T17:19:37 EDT" name="beforeMethod" finished-at="2021-07-26T17:19:46 EDT" duration-ms="8746" status="PASS">
          <reporter-output>
          </reporter-output>
        </test-method> <!-- beforeMethod -->
        <test-method signature="productSelection(java.lang.String,java.lang.String)[pri:0, instance:com.qa.tests.HomePageTest@446293d]" started-at="2021-07-26T17:19:46 EDT" name="productSelection" data-provider="dataforWeb" finished-at="2021-07-26T17:19:52 EDT" duration-ms="5693" status="PASS">
          <params>
            <param index="0">
              <value>
                <![CDATA[Monitors]]>
              </value>
            </param>
            <param index="1">
              <value>
                <![CDATA[ASUS Full HD]]>
              </value>
            </param>
          </params>
          <reporter-output>
          </reporter-output>
        </test-method> <!-- productSelection -->
        <test-method is-config="true" signature="afterMethod()[pri:0, instance:com.qa.tests.HomePageTest@446293d]" started-at="2021-07-26T17:19:52 EDT" name="afterMethod" finished-at="2021-07-26T17:19:53 EDT" duration-ms="1150" status="PASS">
          <reporter-output>
          </reporter-output>
        </test-method> <!-- afterMethod -->
      </class> <!-- com.qa.tests.HomePageTest -->
    </test> <!-- Default test -->
  </suite> <!-- Default suite -->
</testng-results>
